# JRE version: Java(TM) SE Runtime Environment 18.9 (11.0.20+9) (build 11.0.20+9-LTS-256)
# Java VM: Java HotSpot(TM) 64-Bit Server VM 18.9 (11.0.20+9-LTS-256, mixed mode, tiered, compressed oops, g1 gc, windows-amd64)
Heap:
 garbage-first heap   total 116736K, used 76821K [0x0000000084400000, 0x0000000100000000)
  region size 1024K, 37 young (37888K), 4 survivors (4096K)
 Metaspace       used 97059K, capacity 100335K, committed 100476K, reserved 1136640K
  class space    used 11359K, capacity 12579K, committed 12672K, reserved 1048576K
GC Heap History (10 events):
Event: 1597.213 GC heap before
{Heap before GC invocations=50 (full 8):
 garbage-first heap   total 116736K, used 97293K [0x0000000084400000, 0x0000000100000000)
  region size 1024K, 56 young (57344K), 4 survivors (4096K)
 Metaspace       used 97005K, capacity 100310K, committed 100476K, reserved 1136640K
  class space    used 11353K, capacity 12572K, committed 12672K, reserved 1048576K
}
Event: 1597.222 GC heap after
{Heap after GC invocations=51 (full 8):
 garbage-first heap   total 116736K, used 44049K [0x0000000084400000, 0x0000000100000000)
  region size 1024K, 4 young (4096K), 4 survivors (4096K)
 Metaspace       used 97005K, capacity 100310K, committed 100476K, reserved 1136640K
  class space    used 11353K, capacity 12572K, committed 12672K, reserved 1048576K
}
Event: 1601.626 GC heap before
{Heap before GC invocations=51 (full 8):
 garbage-first heap   total 116736K, used 97297K [0x0000000084400000, 0x0000000100000000)
  region size 1024K, 56 young (57344K), 4 survivors (4096K)
 Metaspace       used 97013K, capacity 100310K, committed 100476K, reserved 1136640K
  class space    used 11354K, capacity 12572K, committed 12672K, reserved 1048576K
}
Event: 1601.635 GC heap after
{Heap after GC invocations=52 (full 8):
 garbage-first heap   total 116736K, used 44048K [0x0000000084400000, 0x0000000100000000)
  region size 1024K, 4 young (4096K), 4 survivors (4096K)
 Metaspace       used 97013K, capacity 100310K, committed 100476K, reserved 1136640K
  class space    used 11354K, capacity 12572K, committed 12672K, reserved 1048576K
}
Event: 1604.991 GC heap before
{Heap before GC invocations=52 (full 8):
 garbage-first heap   total 116736K, used 98320K [0x0000000084400000, 0x0000000100000000)
  region size 1024K, 57 young (58368K), 4 survivors (4096K)
 Metaspace       used 97057K, capacity 100335K, committed 100476K, reserved 1136640K
  class space    used 11358K, capacity 12579K, committed 12672K, reserved 1048576K
}
Event: 1605.001 GC heap after
{Heap after GC invocations=53 (full 8):
 garbage-first heap   total 116736K, used 44055K [0x0000000084400000, 0x0000000100000000)
  region size 1024K, 4 young (4096K), 4 survivors (4096K)
 Metaspace       used 97057K, capacity 100335K, committed 100476K, reserved 1136640K
  class space    used 11358K, capacity 12579K, committed 12672K, reserved 1048576K
}
Event: 1608.337 GC heap before
{Heap before GC invocations=53 (full 8):
 garbage-first heap   total 116736K, used 98327K [0x0000000084400000, 0x0000000100000000)
  region size 1024K, 57 young (58368K), 4 survivors (4096K)
 Metaspace       used 97058K, capacity 100335K, committed 100476K, reserved 1136640K
  class space    used 11358K, capacity 12579K, committed 12672K, reserved 1048576K
}
Event: 1608.348 GC heap after
{Heap after GC invocations=54 (full 8):
 garbage-first heap   total 116736K, used 43879K [0x0000000084400000, 0x0000000100000000)
  region size 1024K, 4 young (4096K), 4 survivors (4096K)
 Metaspace       used 97058K, capacity 100335K, committed 100476K, reserved 1136640K
  class space    used 11358K, capacity 12579K, committed 12672K, reserved 1048576K
}
Event: 1609.957 GC heap before
{Heap before GC invocations=54 (full 8):
 garbage-first heap   total 116736K, used 98151K [0x0000000084400000, 0x0000000100000000)
  region size 1024K, 57 young (58368K), 4 survivors (4096K)
 Metaspace       used 97058K, capacity 100335K, committed 100476K, reserved 1136640K
  class space    used 11358K, capacity 12579K, committed 12672K, reserved 1048576K
}
Event: 1609.969 GC heap after
{Heap after GC invocations=55 (full 8):
 garbage-first heap   total 116736K, used 44053K [0x0000000084400000, 0x0000000100000000)
  region size 1024K, 4 young (4096K), 4 survivors (4096K)
 Metaspace       used 97058K, capacity 100335K, committed 100476K, reserved 1136640K
  class space    used 11358K, capacity 12579K, committed 12672K, reserved 1048576K
}

